-------------------------------------------------------------------------------
Test set: cl.transbank.tech.restaurant.service.impl.TableManagerImplTest
-------------------------------------------------------------------------------
Tests run: 1, Failures: 0, Errors: 1, Skipped: 0, Time elapsed: 0.08 s <<< FAILURE! - in cl.transbank.tech.restaurant.service.impl.TableManagerImplTest
listAllTablesTest(cl.transbank.tech.restaurant.service.impl.TableManagerImplTest)  Time elapsed: 0.017 s  <<< ERROR!
java.lang.NullPointerException
	at cl.transbank.tech.restaurant.service.impl.TableManagerImplTest.listAllTablesTest(TableManagerImplTest.java:33)

